\BOOKMARK [0][-]{chapter.1}{\376\377\000H\000a\000m\000i\000l\000t\000o\000n\000\040\217\320\122\250\145\271\172\013}{}% 1
\BOOKMARK [1][-]{section.1.1}{\376\377\162\133\230\177\217\320\122\250\145\271\172\013}{chapter.1}% 2
\BOOKMARK [2][-]{subsection.1.1.1}{\376\377\162\133\230\177\217\320\122\250\145\271\172\013\123\312\117\335\133\210\174\373\176\337}{section.1.1}% 3
\BOOKMARK [2][-]{subsection.1.1.2}{\376\377\117\177\165\050\162\133\230\177\145\271\172\013\211\343\121\263\225\356\230\230}{section.1.1}% 4
\BOOKMARK [2][-]{subsection.1.1.3}{\376\377\220\127\165\131\166\204\116\000\116\052\225\356\230\230}{section.1.1}% 5
\BOOKMARK [1][-]{section.1.2}{\376\377\000H\000a\000m\000i\000l\000t\000o\000n\000\040\153\143\122\031\145\271\172\013}{chapter.1}% 6
\BOOKMARK [2][-]{subsection.1.2.1}{\376\377\000H\000a\000m\000i\000l\000t\000o\000n\000\040\145\271\172\013\166\204\133\374\121\372\124\214\140\047\215\050}{section.1.2}% 7
\BOOKMARK [2][-]{subsection.1.2.2}{\376\377\000H\000a\000m\000i\000l\000t\000o\000n\000\040\145\271\172\013\166\204\145\160\120\074\211\343\154\325}{section.1.2}% 8
\BOOKMARK [1][-]{section.1.3}{\376\377\000H\000o\000m\000e\000w\000o\000r\000k}{chapter.1}% 9
\BOOKMARK [1][-]{asg.2}{\376\377\123\302\200\003\145\207\163\056}{chapter.1}% 10
\BOOKMARK [0][-]{chapter.2}{\376\377\000L\000i\000o\000u\000v\000i\000l\000l\000e\000\040\133\232\164\006}{}% 11
\BOOKMARK [1][-]{section.2.1}{\376\377\221\315\145\260\133\241\211\306\000H\000a\000m\000i\000l\000t\000o\000n\145\271\172\013}{chapter.2}% 12
\BOOKMARK [2][-]{subsection.2.1.1}{\376\377\134\006\000H\000a\000m\000i\000l\000t\000o\000n\145\271\172\013\121\231\116\072\133\371\171\360\166\204\137\142\137\017}{section.2.1}% 13
\BOOKMARK [2][-]{subsection.2.1.2}{\376\377\122\250\122\233\174\373\176\337\166\204\151\202\137\365}{section.2.1}% 14
\BOOKMARK [2][-]{subsection.2.1.3}{\376\377\000H\000a\000m\000i\000l\000t\000o\000n\174\373\176\337\166\204\172\063\133\232\140\047\167\351\226\065}{section.2.1}% 15
\BOOKMARK [1][-]{section.2.2}{\376\377\000L\000i\000o\000u\000v\000i\000l\000l\000e\133\232\164\006}{chapter.2}% 16
\BOOKMARK [2][-]{subsection.2.2.1}{\376\377\000L\000i\000o\000u\000v\000i\000l\000l\000e\133\232\164\006\166\204\143\320\121\372}{section.2.2}% 17
\BOOKMARK [2][-]{subsection.2.2.2}{\376\377\000L\000i\000o\000u\000v\000i\000l\000l\000e\133\232\164\006\166\204\213\301\146\016}{section.2.2}% 18
\BOOKMARK [1][-]{section.2.3}{\376\377\000H\000o\000m\000e\000w\000o\000r\000k}{chapter.2}% 19
\BOOKMARK [1][-]{asg.3}{\376\377\123\302\200\003\145\207\163\056}{chapter.2}% 20
\BOOKMARK [0][-]{chapter.3}{\376\377\000L\000i\000o\000u\000v\000i\000l\000l\000e\000\040\145\271\172\013}{}% 21
\BOOKMARK [1][-]{section.3.1}{\376\377\000L\000i\000o\000u\000v\000i\000l\000l\000e\145\271\172\013}{chapter.3}% 22
\BOOKMARK [2][-]{subsection.3.1.1}{\376\377\147\011\121\163\174\373\176\374\166\204\151\202\137\365}{section.3.1}% 23
\BOOKMARK [2][-]{subsection.3.1.2}{\376\377\000L\000i\000o\000u\000v\000i\000l\000l\000e\145\271\172\013}{section.3.1}% 24
\BOOKMARK [1][-]{section.3.2}{\376\377\154\102\211\343\000L\000i\000o\000u\000v\000i\000l\000l\000e\145\271\172\013}{chapter.3}% 25
\BOOKMARK [2][-]{subsection.3.2.1}{\376\377\116\316\000E\000u\000l\000e\000r\126\376\120\317\154\102\211\343\116\373\141\017\145\366\122\073\166\204\133\306\136\246\122\006\136\003}{section.3.2}% 26
\BOOKMARK [2][-]{subsection.3.2.2}{\376\377\116\316\000L\000a\000g\000r\000a\000n\000g\000e\126\376\120\317\154\102\211\343\116\373\141\017\145\366\122\073\133\306\136\246\122\006\136\003}{section.3.2}% 27
\BOOKMARK [1][-]{section.3.3}{\376\377\000H\000o\000m\000e\000w\000o\000r\000k}{chapter.3}% 28
\BOOKMARK [1][-]{asg.7}{\376\377\123\302\200\003\145\207\163\056}{chapter.3}% 29
\BOOKMARK [0][-]{chapter.4}{\376\377\131\032\201\352\165\061\136\246\134\017\143\057\122\250}{}% 30
\BOOKMARK [1][-]{section.4.1}{\376\377\134\006\136\163\210\141\117\115\177\156\226\104\217\321\166\204\122\277\200\375\121\375\145\160\134\125\137\000\116\072\116\214\153\041\127\213}{chapter.4}% 31
\BOOKMARK [1][-]{section.4.2}{\376\377\173\200\153\143\127\120\150\007}{chapter.4}% 32
\BOOKMARK [1][-]{section.4.3}{\376\377\173\200\153\143\127\120\150\007\124\214\000C\000a\000r\000t\000e\000s\000i\000a\000n\127\120\150\007\166\204\121\163\174\373}{chapter.4}% 33
\BOOKMARK [1][-]{section.4.4}{\376\377\000H\000o\000m\000e\000w\000o\000r\000k}{chapter.4}% 34
\BOOKMARK [1][-]{asg.9}{\376\377\123\302\200\003\145\207\163\056}{chapter.4}% 35
\BOOKMARK [0][-]{chapter.5}{\376\377\145\366\225\364\121\163\200\124\121\375\145\160}{}% 36
\BOOKMARK [1][-]{section.5.1}{\376\377\162\151\164\006\221\317\166\204\147\037\147\033\120\074\116\016\145\366\225\364\121\163\200\124\121\375\145\160}{chapter.5}% 37
\BOOKMARK [1][-]{section.5.2}{\376\377\145\366\225\364\121\163\200\124\121\375\145\160\116\016\121\111\214\061}{chapter.5}% 38
\BOOKMARK [2][-]{subsection.5.2.1}{\376\377\176\317\121\170\121\111\214\061}{section.5.2}% 39
\BOOKMARK [2][-]{subsection.5.2.2}{\376\377\221\317\133\120\122\233\133\146\116\013\166\204\121\111\214\061}{section.5.2}% 40
\BOOKMARK [1][-]{equation.5.2.31}{\376\377\123\302\200\003\145\207\163\056}{chapter.5}% 41
\BOOKMARK [0][-]{chapter.6}{\376\377\000G\000a\000u\000s\000s\171\357\122\006}{}% 42
\BOOKMARK [1][-]{section.6.1}{\376\377\0002\0000\0002\0000\0001\0001\0000\0006\377\032\000G\000a\000u\000s\000s\171\357\122\006\166\204\213\241\173\227}{chapter.6}% 43
\BOOKMARK [1][-]{asg.10}{\376\377\123\302\200\003\145\207\163\056}{chapter.6}% 44
\BOOKMARK [0][-]{chapter.7}{\376\377\000H\000a\000m\000i\000l\000t\000o\000n\122\233\133\146\124\214\221\317\133\120\122\233\133\146\166\204\173\227\173\046\137\142\137\017}{}% 45
\BOOKMARK [1][-]{section.7.1}{\376\377\0002\0000\0002\0000\0001\0001\0000\0009\377\032\221\317\133\120\122\233\133\146\127\372\147\054\120\107\213\276}{chapter.7}% 46
\BOOKMARK [1][-]{section.7.2}{\376\377\0002\0000\0002\0000\0001\0001\0001\0003\377\032\116\015\170\156\133\232\140\047\123\237\164\006}{chapter.7}% 47
\BOOKMARK [1][-]{section.7.3}{\376\377\0002\0000\0002\0000\0001\0001\0001\0006\377\032\116\000\176\364\145\340\226\120\155\361\122\277\226\061}{chapter.7}% 48
\BOOKMARK [1][-]{section.7.4}{\376\377\0002\0000\0002\0000\0001\0001\0002\0000\377\032\116\000\176\364\122\277\226\061\154\102\211\343\201\352\165\061\174\222\133\120\225\356\230\230}{chapter.7}% 49
\BOOKMARK [1][-]{section.7.5}{\376\377\0002\0000\0002\0000\0001\0001\0002\0003\377\032\165\050\116\000\176\364\122\277\226\061\152\041\127\213\134\125\137\000\121\166\116\326\122\277\200\375\117\123\174\373}{chapter.7}% 50
\BOOKMARK [1][-]{section.7.6}{\376\377\0002\0000\0002\0000\0001\0001\0002\0007\377\032\116\000\176\364\214\020\143\057\133\120\166\204\154\102\211\343\377\010\0001\377\011}{chapter.7}% 51
\BOOKMARK [1][-]{section.7.7}{\376\377\0002\0000\0002\0000\0001\0001\0003\0000\377\032\116\000\176\364\214\020\143\057\133\120\166\204\154\102\211\343\377\010\0002\377\011}{chapter.7}% 52
\BOOKMARK [1][-]{section.7.8}{\376\377\0002\0000\0002\0000\0001\0002\0000\0004\377\032\145\366\225\364\157\024\123\026\173\227\173\046}{chapter.7}% 53
\BOOKMARK [1][-]{section.7.9}{\376\377\0002\0000\0002\0000\0001\0002\0000\0007\377\032\116\000\176\364\214\020\143\057\133\120\176\317\121\170\124\214\221\317\133\120\131\004\164\006\166\204\153\324\217\203}{chapter.7}% 54
\BOOKMARK [1][-]{equation.7.9.78}{\376\377\123\302\200\003\145\207\163\056}{chapter.7}% 55
\BOOKMARK [0][-]{chapter.8}{\376\377\000L\000a\000g\000r\000a\000n\000g\000e\122\233\133\146\124\214\221\317\133\120\122\233\133\146\166\204\215\357\137\204\171\357\122\006\137\142\137\017}{}% 56
\BOOKMARK [1][-]{section.8.1}{\376\377\117\134\165\050\221\317\116\016\000L\000a\000g\000r\000a\000n\000g\000e\122\233\133\146}{chapter.8}% 57
\BOOKMARK [2][-]{subsection.8.1.1}{\376\377\147\000\134\017\117\134\165\050\221\317\123\237\164\006}{section.8.1}% 58
\BOOKMARK [2][-]{subsection.8.1.2}{\376\377\000L\000a\000g\000r\000a\000n\000g\000e\122\233\133\146}{section.8.1}% 59
\BOOKMARK [2][-]{subsection.8.1.3}{\376\377\000H\000a\000m\000i\000l\000t\000o\000n\000-\000J\000a\000c\000o\000b\000i\145\271\172\013}{section.8.1}% 60
\BOOKMARK [2][-]{subsection.8.1.4}{\376\377\142\021\116\354\123\357\116\345\146\364\155\361\121\145\116\000\116\233}{section.8.1}% 61
\BOOKMARK [1][-]{section.8.2}{\376\377\221\317\133\120\122\233\133\146\166\204\215\357\137\204\171\357\122\006\137\142\137\017}{chapter.8}% 62
\BOOKMARK [2][-]{subsection.8.2.1}{\376\377\117\040\144\255\133\120\116\016\215\357\137\204\171\357\122\006}{section.8.2}% 63
\BOOKMARK [2][-]{subsection.8.2.2}{\376\377\215\357\137\204\171\357\122\006\166\204\121\306\176\317\121\170\217\321\117\074}{section.8.2}% 64
\BOOKMARK [2][-]{subsection.8.2.3}{\376\377\201\352\165\061\174\222\133\120\166\204\117\040\144\255\133\120}{section.8.2}% 65
\BOOKMARK [2][-]{subsection.8.2.4}{\376\377\121\166\116\326\117\123\174\373\166\204\117\040\144\255\133\120}{section.8.2}% 66
\BOOKMARK [1][-]{section.8.3}{\376\377\206\132\145\366\215\357\137\204\171\357\122\006}{chapter.8}% 67
\BOOKMARK [2][-]{subsection.8.3.1}{\376\377\215\357\137\204\171\357\122\006\122\006\133\120\122\250\122\233\133\146}{section.8.3}% 68
\BOOKMARK [2][-]{subsection.8.3.2}{\376\377\221\317\133\120\000M\000o\000n\000t\000e\000-\000C\000a\000r\000l\000o}{section.8.3}% 69
\BOOKMARK [1][-]{equation.8.3.61}{\376\377\123\302\200\003\145\207\163\056}{chapter.8}% 70
\BOOKMARK [0][-]{chapter.9}{\376\377\000B\000o\000n\000m\000i\000a\000n\000\040\122\250\122\233\133\146}{}% 71
\BOOKMARK [1][-]{section.9.1}{\376\377\217\336\176\355\140\047\145\271\172\013}{chapter.9}% 72
\BOOKMARK [1][-]{section.9.2}{\376\377\000B\000o\000h\000m\000i\000a\000n\000\040\122\250\122\233\133\146}{chapter.9}% 73
\BOOKMARK [1][-]{equation.9.2.13}{\376\377\123\302\200\003\145\207\163\056}{chapter.9}% 74
\BOOKMARK [0][-]{chapter.10}{\376\377\000W\000i\000g\000n\000e\000r\000\040\121\375\145\160}{}% 75
\BOOKMARK [1][-]{section.10.1}{\376\377\176\337\213\241\122\233\133\146\127\372\170\100\126\336\230\176}{chapter.10}% 76
\BOOKMARK [1][-]{section.10.2}{\376\377\000W\000i\000g\000n\000e\000r\000\040\121\375\145\160}{chapter.10}% 77
\BOOKMARK [1][-]{equation.10.2.11}{\376\377\123\302\200\003\145\207\163\056}{chapter.10}% 78
